{
  "stats": {
    "suites": 7,
    "tests": 20,
    "passes": 0,
    "pending": 0,
    "failures": 20,
    "start": "2023-04-27T23:42:21.369Z",
    "end": "2023-04-27T23:45:43.913Z",
    "duration": 202544,
    "testsRegistered": 20,
    "passPercent": 0,
    "pendingPercent": 0,
    "other": 0,
    "hasOther": false,
    "skipped": 0,
    "hasSkipped": false
  },
  "results": [
    {
      "uuid": "6c84e2d3-7a5e-44ac-803c-604c60d0bdeb",
      "title": "",
      "fullFile": "cypress/integration/project.spec.js",
      "file": "cypress/integration/project.spec.js",
      "beforeHooks": [],
      "afterHooks": [],
      "tests": [],
      "suites": [
        {
          "uuid": "b4651fea-beb8-4b38-ad50-96bab927af4b",
          "title": "1 - Adicione um cabeçalho na página.",
          "fullFile": "",
          "file": "",
          "beforeHooks": [],
          "afterHooks": [],
          "tests": [
            {
              "title": "Verifica se existe um cabeçalho na página.",
              "fullTitle": "1 - Adicione um cabeçalho na página. Verifica se existe um cabeçalho na página.",
              "timedOut": null,
              "duration": 10122,
              "state": "failed",
              "speed": null,
              "pass": false,
              "fail": true,
              "pending": false,
              "context": null,
              "code": "cy.get('header').should('exist');",
              "err": {
                "message": "AssertionError: Timed out retrying: Expected to find element: `header`, but never found it.",
                "estack": "AssertionError: Timed out retrying: Expected to find element: `header`, but never found it.\n    at Context.eval (http://localhost:43813/__cypress/tests?p=cypress/integration/project.spec.js:104:22)",
                "diff": null
              },
              "uuid": "45d55e4b-3376-42c5-8808-7778a7b32d0e",
              "parentUUID": "b4651fea-beb8-4b38-ad50-96bab927af4b",
              "isHook": false,
              "skipped": false
            },
            {
              "title": "Verifica se existe um título dentro do cabeçalho.",
              "fullTitle": "1 - Adicione um cabeçalho na página. Verifica se existe um título dentro do cabeçalho.",
              "timedOut": null,
              "duration": 10044,
              "state": "failed",
              "speed": null,
              "pass": false,
              "fail": true,
              "pending": false,
              "context": null,
              "code": "cy.get('header h1').should('exist');",
              "err": {
                "message": "AssertionError: Timed out retrying: Expected to find element: `header h1`, but never found it.",
                "estack": "AssertionError: Timed out retrying: Expected to find element: `header h1`, but never found it.\n    at Context.eval (http://localhost:43813/__cypress/tests?p=cypress/integration/project.spec.js:107:25)",
                "diff": null
              },
              "uuid": "3356123a-5220-4283-9697-c9afd3db7d6f",
              "parentUUID": "b4651fea-beb8-4b38-ad50-96bab927af4b",
              "isHook": false,
              "skipped": false
            },
            {
              "title": "Verifica se o texto do título é \"Soco a 80km/h: Conheça o Stomatopoda\".",
              "fullTitle": "1 - Adicione um cabeçalho na página. Verifica se o texto do título é \"Soco a 80km/h: Conheça o Stomatopoda\".",
              "timedOut": null,
              "duration": 10075,
              "state": "failed",
              "speed": null,
              "pass": false,
              "fail": true,
              "pending": false,
              "context": null,
              "code": "cy.get('header h1').should('have.text', 'Soco a 80km/h: Conheça o Stomatopoda');",
              "err": {
                "message": "AssertionError: Timed out retrying: Expected to find element: `header h1`, but never found it.",
                "estack": "AssertionError: Timed out retrying: Expected to find element: `header h1`, but never found it.\n    at Context.eval (http://localhost:43813/__cypress/tests?p=cypress/integration/project.spec.js:110:25)",
                "diff": null
              },
              "uuid": "0aae37d9-a2df-4c52-a7bd-87c54fac29cc",
              "parentUUID": "b4651fea-beb8-4b38-ad50-96bab927af4b",
              "isHook": false,
              "skipped": false
            }
          ],
          "suites": [],
          "passes": [],
          "failures": [
            "45d55e4b-3376-42c5-8808-7778a7b32d0e",
            "3356123a-5220-4283-9697-c9afd3db7d6f",
            "0aae37d9-a2df-4c52-a7bd-87c54fac29cc"
          ],
          "pending": [],
          "skipped": [],
          "duration": 30241,
          "root": false,
          "rootEmpty": false,
          "_timeout": 2000
        },
        {
          "uuid": "008bddf7-f2b5-4612-93fe-cc36e8245958",
          "title": "2 - Adicione um conjunto de links que representam a área de navegação do site.",
          "fullFile": "",
          "file": "",
          "beforeHooks": [],
          "afterHooks": [],
          "tests": [
            {
              "title": "Verifica se existe uma área de navegação no site",
              "fullTitle": "2 - Adicione um conjunto de links que representam a área de navegação do site. Verifica se existe uma área de navegação no site",
              "timedOut": null,
              "duration": 10069,
              "state": "failed",
              "speed": null,
              "pass": false,
              "fail": true,
              "pending": false,
              "context": null,
              "code": "cy.get('nav').should('exist');",
              "err": {
                "message": "AssertionError: Timed out retrying: Expected to find element: `nav`, but never found it.",
                "estack": "AssertionError: Timed out retrying: Expected to find element: `nav`, but never found it.\n    at Context.eval (http://localhost:43813/__cypress/tests?p=cypress/integration/project.spec.js:118:19)",
                "diff": null
              },
              "uuid": "daa403b9-aa6f-4fb6-9983-91e8187d750c",
              "parentUUID": "008bddf7-f2b5-4612-93fe-cc36e8245958",
              "isHook": false,
              "skipped": false
            },
            {
              "title": "Verifica se o primeiro link está com o texto \"Página Inicial\".",
              "fullTitle": "2 - Adicione um conjunto de links que representam a área de navegação do site. Verifica se o primeiro link está com o texto \"Página Inicial\".",
              "timedOut": null,
              "duration": 10056,
              "state": "failed",
              "speed": null,
              "pass": false,
              "fail": true,
              "pending": false,
              "context": null,
              "code": "cy.get('nav a').eq(0).should('have.text', 'Página Inicial');",
              "err": {
                "message": "AssertionError: Timed out retrying: Expected to find element: `nav a`, but never found it.",
                "estack": "AssertionError: Timed out retrying: Expected to find element: `nav a`, but never found it.\n    at Context.eval (http://localhost:43813/__cypress/tests?p=cypress/integration/project.spec.js:121:8)",
                "diff": null
              },
              "uuid": "e973d2fa-008f-4017-adca-fd8a671a9aaa",
              "parentUUID": "008bddf7-f2b5-4612-93fe-cc36e8245958",
              "isHook": false,
              "skipped": false
            },
            {
              "title": "Verifica se o segundo link está com o texto \"Sobre\".",
              "fullTitle": "2 - Adicione um conjunto de links que representam a área de navegação do site. Verifica se o segundo link está com o texto \"Sobre\".",
              "timedOut": null,
              "duration": 10079,
              "state": "failed",
              "speed": null,
              "pass": false,
              "fail": true,
              "pending": false,
              "context": null,
              "code": "cy.get('nav a').eq(1).should('have.text', 'Sobre');",
              "err": {
                "message": "AssertionError: Timed out retrying: Expected to find element: `nav a`, but never found it.",
                "estack": "AssertionError: Timed out retrying: Expected to find element: `nav a`, but never found it.\n    at Context.eval (http://localhost:43813/__cypress/tests?p=cypress/integration/project.spec.js:124:8)",
                "diff": null
              },
              "uuid": "a577d6a2-21fa-476a-8579-0ebe38eb1d5c",
              "parentUUID": "008bddf7-f2b5-4612-93fe-cc36e8245958",
              "isHook": false,
              "skipped": false
            },
            {
              "title": "Verifica se o terceiro link está com o texto \"Contato\".",
              "fullTitle": "2 - Adicione um conjunto de links que representam a área de navegação do site. Verifica se o terceiro link está com o texto \"Contato\".",
              "timedOut": null,
              "duration": 10070,
              "state": "failed",
              "speed": null,
              "pass": false,
              "fail": true,
              "pending": false,
              "context": null,
              "code": "cy.get('nav a').eq(2).should('have.text', 'Contato');",
              "err": {
                "message": "AssertionError: Timed out retrying: Expected to find element: `nav a`, but never found it.",
                "estack": "AssertionError: Timed out retrying: Expected to find element: `nav a`, but never found it.\n    at Context.eval (http://localhost:43813/__cypress/tests?p=cypress/integration/project.spec.js:127:8)",
                "diff": null
              },
              "uuid": "1a695682-d06a-4c30-a41d-81408ca7b70f",
              "parentUUID": "008bddf7-f2b5-4612-93fe-cc36e8245958",
              "isHook": false,
              "skipped": false
            }
          ],
          "suites": [],
          "passes": [],
          "failures": [
            "daa403b9-aa6f-4fb6-9983-91e8187d750c",
            "e973d2fa-008f-4017-adca-fd8a671a9aaa",
            "a577d6a2-21fa-476a-8579-0ebe38eb1d5c",
            "1a695682-d06a-4c30-a41d-81408ca7b70f"
          ],
          "pending": [],
          "skipped": [],
          "duration": 40274,
          "root": false,
          "rootEmpty": false,
          "_timeout": 2000
        },
        {
          "uuid": "003f59f1-55db-4e61-8ab0-29edb98deb76",
          "title": "3 - Crie um artigo que vai conter os fatos interessantes sobre o `Stomatopoda`.",
          "fullFile": "",
          "file": "",
          "beforeHooks": [],
          "afterHooks": [],
          "tests": [
            {
              "title": "Verifica se existe um artigo na página.",
              "fullTitle": "3 - Crie um artigo que vai conter os fatos interessantes sobre o `Stomatopoda`. Verifica se existe um artigo na página.",
              "timedOut": null,
              "duration": 10135,
              "state": "failed",
              "speed": null,
              "pass": false,
              "fail": true,
              "pending": false,
              "context": null,
              "code": "cy.get('article').should('exist');",
              "err": {
                "message": "AssertionError: Timed out retrying: Expected to find element: `article`, but never found it.",
                "estack": "AssertionError: Timed out retrying: Expected to find element: `article`, but never found it.\n    at Context.eval (http://localhost:43813/__cypress/tests?p=cypress/integration/project.spec.js:135:23)",
                "diff": null
              },
              "uuid": "b35ec0bc-bf4e-450a-afcc-cf97565939b9",
              "parentUUID": "003f59f1-55db-4e61-8ab0-29edb98deb76",
              "isHook": false,
              "skipped": false
            },
            {
              "title": "Verifica se existe um subtítulo (h2) dentro do artigo.",
              "fullTitle": "3 - Crie um artigo que vai conter os fatos interessantes sobre o `Stomatopoda`. Verifica se existe um subtítulo (h2) dentro do artigo.",
              "timedOut": null,
              "duration": 10090,
              "state": "failed",
              "speed": null,
              "pass": false,
              "fail": true,
              "pending": false,
              "context": null,
              "code": "cy.get('article h2').should('exist');",
              "err": {
                "message": "AssertionError: Timed out retrying: Expected to find element: `article h2`, but never found it.",
                "estack": "AssertionError: Timed out retrying: Expected to find element: `article h2`, but never found it.\n    at Context.eval (http://localhost:43813/__cypress/tests?p=cypress/integration/project.spec.js:138:26)",
                "diff": null
              },
              "uuid": "216d513e-0603-48d4-9d4c-eeb9d2797366",
              "parentUUID": "003f59f1-55db-4e61-8ab0-29edb98deb76",
              "isHook": false,
              "skipped": false
            },
            {
              "title": "Verifica se o texto do subtítulo é \"Fatos sobre o Stomatopoda\".",
              "fullTitle": "3 - Crie um artigo que vai conter os fatos interessantes sobre o `Stomatopoda`. Verifica se o texto do subtítulo é \"Fatos sobre o Stomatopoda\".",
              "timedOut": null,
              "duration": 10085,
              "state": "failed",
              "speed": null,
              "pass": false,
              "fail": true,
              "pending": false,
              "context": null,
              "code": "cy.get('article h2').should('have.text', 'Fatos sobre o Stomatopoda');",
              "err": {
                "message": "AssertionError: Timed out retrying: Expected to find element: `article h2`, but never found it.",
                "estack": "AssertionError: Timed out retrying: Expected to find element: `article h2`, but never found it.\n    at Context.eval (http://localhost:43813/__cypress/tests?p=cypress/integration/project.spec.js:141:26)",
                "diff": null
              },
              "uuid": "82844220-e120-4114-83b0-d0695ddf6e40",
              "parentUUID": "003f59f1-55db-4e61-8ab0-29edb98deb76",
              "isHook": false,
              "skipped": false
            }
          ],
          "suites": [],
          "passes": [],
          "failures": [
            "b35ec0bc-bf4e-450a-afcc-cf97565939b9",
            "216d513e-0603-48d4-9d4c-eeb9d2797366",
            "82844220-e120-4114-83b0-d0695ddf6e40"
          ],
          "pending": [],
          "skipped": [],
          "duration": 30310,
          "root": false,
          "rootEmpty": false,
          "_timeout": 2000
        },
        {
          "uuid": "55b7ddcf-ce2e-4943-b2a6-3fd99927872a",
          "title": "4 - Divida o artigo em seções.",
          "fullFile": "",
          "file": "",
          "beforeHooks": [],
          "afterHooks": [],
          "tests": [
            {
              "title": "Verifica se \"Odontodactylus scyllarus\" aparece em itálico na primeira seção",
              "fullTitle": "4 - Divida o artigo em seções. Verifica se \"Odontodactylus scyllarus\" aparece em itálico na primeira seção",
              "timedOut": null,
              "duration": 10100,
              "state": "failed",
              "speed": null,
              "pass": false,
              "fail": true,
              "pending": false,
              "context": null,
              "code": "cy.get('article > section').eq(0).find('em').should('contain', 'Odontodactylus scyllarus');",
              "err": {
                "message": "AssertionError: Timed out retrying: Expected to find element: `article > section`, but never found it.",
                "estack": "AssertionError: Timed out retrying: Expected to find element: `article > section`, but never found it.\n    at Context.eval (http://localhost:43813/__cypress/tests?p=cypress/integration/project.spec.js:149:8)",
                "diff": null
              },
              "uuid": "431979e3-e381-46cb-bb11-4036d3944a9f",
              "parentUUID": "55b7ddcf-ce2e-4943-b2a6-3fd99927872a",
              "isHook": false,
              "skipped": false
            },
            {
              "title": "Verifica se existe um subtítulo (h3) para cada seção.",
              "fullTitle": "4 - Divida o artigo em seções. Verifica se existe um subtítulo (h3) para cada seção.",
              "timedOut": null,
              "duration": 10115,
              "state": "failed",
              "speed": null,
              "pass": false,
              "fail": true,
              "pending": false,
              "context": null,
              "code": "cy.get('article > section').each(function (section) {\n  cy.wrap(section.find('h3')).should('exist');\n});",
              "err": {
                "message": "AssertionError: Timed out retrying: Expected to find element: `article > section`, but never found it.",
                "estack": "AssertionError: Timed out retrying: Expected to find element: `article > section`, but never found it.\n    at Context.eval (http://localhost:43813/__cypress/tests?p=cypress/integration/project.spec.js:152:8)",
                "diff": null
              },
              "uuid": "ad64aaf2-5b90-4d9e-9aef-4e9d554ed0f8",
              "parentUUID": "55b7ddcf-ce2e-4943-b2a6-3fd99927872a",
              "isHook": false,
              "skipped": false
            }
          ],
          "suites": [],
          "passes": [],
          "failures": [
            "431979e3-e381-46cb-bb11-4036d3944a9f",
            "ad64aaf2-5b90-4d9e-9aef-4e9d554ed0f8"
          ],
          "pending": [],
          "skipped": [],
          "duration": 20215,
          "root": false,
          "rootEmpty": false,
          "_timeout": 2000
        },
        {
          "uuid": "53d9294d-ad09-4ec4-b0bb-56027fdd5c1f",
          "title": "5 - Divida o artigo em seções.",
          "fullFile": "",
          "file": "",
          "beforeHooks": [],
          "afterHooks": [],
          "tests": [
            {
              "title": "Verifica se existem pelo menos duas seções no artigo",
              "fullTitle": "5 - Divida o artigo em seções. Verifica se existem pelo menos duas seções no artigo",
              "timedOut": null,
              "duration": 10161,
              "state": "failed",
              "speed": null,
              "pass": false,
              "fail": true,
              "pending": false,
              "context": null,
              "code": "cy.get('article > section').should('have.length.above', 1);",
              "err": {
                "message": "AssertionError: Timed out retrying: Expected to find element: `article > section`, but never found it.",
                "estack": "AssertionError: Timed out retrying: Expected to find element: `article > section`, but never found it.\n    at Context.eval (http://localhost:43813/__cypress/tests?p=cypress/integration/project.spec.js:162:33)",
                "diff": null
              },
              "uuid": "c02fa521-3bc8-4a4f-9edc-0dd974c1e863",
              "parentUUID": "53d9294d-ad09-4ec4-b0bb-56027fdd5c1f",
              "isHook": false,
              "skipped": false
            },
            {
              "title": "Verifica se existe um subtítulo (h3) para cada seção.",
              "fullTitle": "5 - Divida o artigo em seções. Verifica se existe um subtítulo (h3) para cada seção.",
              "timedOut": null,
              "duration": 10075,
              "state": "failed",
              "speed": null,
              "pass": false,
              "fail": true,
              "pending": false,
              "context": null,
              "code": "cy.get('article > section').each(function (section) {\n  cy.wrap(section.find('h3')).should('exist');\n});",
              "err": {
                "message": "AssertionError: Timed out retrying: Expected to find element: `article > section`, but never found it.",
                "estack": "AssertionError: Timed out retrying: Expected to find element: `article > section`, but never found it.\n    at Context.eval (http://localhost:43813/__cypress/tests?p=cypress/integration/project.spec.js:165:8)",
                "diff": null
              },
              "uuid": "067ece10-a1d0-4415-9f02-3e2aacfcbeb5",
              "parentUUID": "53d9294d-ad09-4ec4-b0bb-56027fdd5c1f",
              "isHook": false,
              "skipped": false
            },
            {
              "title": "Verifica se existe uma imagem para cada seção.",
              "fullTitle": "5 - Divida o artigo em seções. Verifica se existe uma imagem para cada seção.",
              "timedOut": null,
              "duration": 10096,
              "state": "failed",
              "speed": null,
              "pass": false,
              "fail": true,
              "pending": false,
              "context": null,
              "code": "cy.get('article > section').each(function (section, index, collection) {\n  // skipping the first and last sections ('informações gerais' and 'referências bibliográficas')\n  if (index != 0 && index + 1 < collection.length) cy.wrap(section.find('img')).should('exist');\n});",
              "err": {
                "message": "AssertionError: Timed out retrying: Expected to find element: `article > section`, but never found it.",
                "estack": "AssertionError: Timed out retrying: Expected to find element: `article > section`, but never found it.\n    at Context.eval (http://localhost:43813/__cypress/tests?p=cypress/integration/project.spec.js:170:8)",
                "diff": null
              },
              "uuid": "b5211d60-5141-4f0e-97a8-40d02116aa2f",
              "parentUUID": "53d9294d-ad09-4ec4-b0bb-56027fdd5c1f",
              "isHook": false,
              "skipped": false
            },
            {
              "title": "Verifica se a última seção contém links dentro de uma lista não ordenada.",
              "fullTitle": "5 - Divida o artigo em seções. Verifica se a última seção contém links dentro de uma lista não ordenada.",
              "timedOut": null,
              "duration": 10080,
              "state": "failed",
              "speed": null,
              "pass": false,
              "fail": true,
              "pending": false,
              "context": null,
              "code": "cy.get('article > section').last().find('ul li a').should('exist');",
              "err": {
                "message": "AssertionError: Timed out retrying: Expected to find element: `article > section`, but never found it.",
                "estack": "AssertionError: Timed out retrying: Expected to find element: `article > section`, but never found it.\n    at Context.eval (http://localhost:43813/__cypress/tests?p=cypress/integration/project.spec.js:176:8)",
                "diff": null
              },
              "uuid": "4bc09136-30a4-404d-92e8-410a90611eb1",
              "parentUUID": "53d9294d-ad09-4ec4-b0bb-56027fdd5c1f",
              "isHook": false,
              "skipped": false
            }
          ],
          "suites": [],
          "passes": [],
          "failures": [
            "c02fa521-3bc8-4a4f-9edc-0dd974c1e863",
            "067ece10-a1d0-4415-9f02-3e2aacfcbeb5",
            "b5211d60-5141-4f0e-97a8-40d02116aa2f",
            "4bc09136-30a4-404d-92e8-410a90611eb1"
          ],
          "pending": [],
          "skipped": [],
          "duration": 40412,
          "root": false,
          "rootEmpty": false,
          "_timeout": 2000
        },
        {
          "uuid": "d58067d7-5caa-4b75-967f-88803fbc6f33",
          "title": "6 - Adicione um conteúdo adjacente ao artigo.",
          "fullFile": "",
          "file": "",
          "beforeHooks": [],
          "afterHooks": [],
          "tests": [
            {
              "title": "Verifica se existe um conteúdo adjacente na página na página.",
              "fullTitle": "6 - Adicione um conteúdo adjacente ao artigo. Verifica se existe um conteúdo adjacente na página na página.",
              "timedOut": null,
              "duration": 10201,
              "state": "failed",
              "speed": null,
              "pass": false,
              "fail": true,
              "pending": false,
              "context": null,
              "code": "cy.get('aside').should('exist');",
              "err": {
                "message": "AssertionError: Timed out retrying: Expected to find element: `aside`, but never found it.",
                "estack": "AssertionError: Timed out retrying: Expected to find element: `aside`, but never found it.\n    at Context.eval (http://localhost:43813/__cypress/tests?p=cypress/integration/project.spec.js:184:21)",
                "diff": null
              },
              "uuid": "0e801761-87e0-4bc5-a77e-2d989cc78dcb",
              "parentUUID": "d58067d7-5caa-4b75-967f-88803fbc6f33",
              "isHook": false,
              "skipped": false
            },
            {
              "title": "Verifica se existe um link dentro do conteúdo adjacente com o endereço \"https://www.youtube.com/watch?v=E0Li1k5hGBE\".",
              "fullTitle": "6 - Adicione um conteúdo adjacente ao artigo. Verifica se existe um link dentro do conteúdo adjacente com o endereço \"https://www.youtube.com/watch?v=E0Li1k5hGBE\".",
              "timedOut": null,
              "duration": 10118,
              "state": "failed",
              "speed": null,
              "pass": false,
              "fail": true,
              "pending": false,
              "context": null,
              "code": "cy.get('aside a').should('have.attr', 'href', 'https://www.youtube.com/watch?v=E0Li1k5hGBE');",
              "err": {
                "message": "AssertionError: Timed out retrying: Expected to find element: `aside a`, but never found it.",
                "estack": "AssertionError: Timed out retrying: Expected to find element: `aside a`, but never found it.\n    at Context.eval (http://localhost:43813/__cypress/tests?p=cypress/integration/project.spec.js:187:23)",
                "diff": null
              },
              "uuid": "3b31dabe-63e1-4d70-940f-e5b1a0805443",
              "parentUUID": "d58067d7-5caa-4b75-967f-88803fbc6f33",
              "isHook": false,
              "skipped": false
            }
          ],
          "suites": [],
          "passes": [],
          "failures": [
            "0e801761-87e0-4bc5-a77e-2d989cc78dcb",
            "3b31dabe-63e1-4d70-940f-e5b1a0805443"
          ],
          "pending": [],
          "skipped": [],
          "duration": 20319,
          "root": false,
          "rootEmpty": false,
          "_timeout": 2000
        },
        {
          "uuid": "4ad4d63f-ed25-4a30-b7d9-54df017d2c6a",
          "title": "7 - Adicione um rodapé na página.",
          "fullFile": "",
          "file": "",
          "beforeHooks": [],
          "afterHooks": [],
          "tests": [
            {
              "title": "Verifica se existe um rodapé na página.",
              "fullTitle": "7 - Adicione um rodapé na página. Verifica se existe um rodapé na página.",
              "timedOut": null,
              "duration": 10148,
              "state": "failed",
              "speed": null,
              "pass": false,
              "fail": true,
              "pending": false,
              "context": null,
              "code": "cy.get('footer').should('exist');",
              "err": {
                "message": "AssertionError: Timed out retrying: Expected to find element: `footer`, but never found it.",
                "estack": "AssertionError: Timed out retrying: Expected to find element: `footer`, but never found it.\n    at Context.eval (http://localhost:43813/__cypress/tests?p=cypress/integration/project.spec.js:195:22)",
                "diff": null
              },
              "uuid": "6f210c61-bf60-4532-b695-6d0fc9f22f56",
              "parentUUID": "4ad4d63f-ed25-4a30-b7d9-54df017d2c6a",
              "isHook": false,
              "skipped": false
            },
            {
              "title": "Verifica se existe o texto \"Conteúdo compilado por <insere seu nome>, <ano atual>\". no rodapé da página",
              "fullTitle": "7 - Adicione um rodapé na página. Verifica se existe o texto \"Conteúdo compilado por <insere seu nome>, <ano atual>\". no rodapé da página",
              "timedOut": null,
              "duration": 10142,
              "state": "failed",
              "speed": null,
              "pass": false,
              "fail": true,
              "pending": false,
              "context": null,
              "code": "cy.get('footer').contains(/\"Conteúdo compilado por .*, \\d\\d\\d\\d\"\\./);",
              "err": {
                "message": "AssertionError: Timed out retrying: Expected to find element: `footer`, but never found it.",
                "estack": "AssertionError: Timed out retrying: Expected to find element: `footer`, but never found it.\n    at Context.eval (http://localhost:43813/__cypress/tests?p=cypress/integration/project.spec.js:198:8)",
                "diff": null
              },
              "uuid": "d6967db1-5ec2-40b0-bea6-4964e6119533",
              "parentUUID": "4ad4d63f-ed25-4a30-b7d9-54df017d2c6a",
              "isHook": false,
              "skipped": false
            }
          ],
          "suites": [],
          "passes": [],
          "failures": [
            "6f210c61-bf60-4532-b695-6d0fc9f22f56",
            "d6967db1-5ec2-40b0-bea6-4964e6119533"
          ],
          "pending": [],
          "skipped": [],
          "duration": 20290,
          "root": false,
          "rootEmpty": false,
          "_timeout": 2000
        }
      ],
      "passes": [],
      "failures": [],
      "pending": [],
      "skipped": [],
      "duration": 0,
      "root": true,
      "rootEmpty": true,
      "_timeout": 2000
    }
  ],
  "meta": {
    "mocha": {
      "version": "7.0.1"
    },
    "mochawesome": {
      "options": {
        "quiet": false,
        "reportFilename": "mochawesome",
        "saveHtml": false,
        "saveJson": true,
        "consoleReporter": "spec",
        "useInlineDiffs": false
      },
      "version": "4.1.0"
    },
    "marge": {
      "options": {
        "id": "default",
        "reportDir": "cypress/reports",
        "overwrite": false,
        "html": false,
        "json": true
      },
      "version": "4.1.0"
    }
  }
}